<?xml version="1.0" encoding="UTF-8"?>
<!-- Generated by org.testng.reporters.JUnitReportReporter -->
<testsuite hostname="Deepthis-MacBook-Air.local" failures="0" tests="1" name="com.orange.hrm.test.LoginTest" time="7.414" errors="0" timestamp="2024-10-10T23:00:37 IST" skipped="0">
  <testcase classname="com.orange.hrm.test.LoginTest" name="loginWithValidUserNameAndValidPassword" time="7.414"/>
  <system-out/>
</testsuite> <!-- com.orange.hrm.test.LoginTest -->
