<?xml version="1.0" encoding="UTF-8"?>
<!-- Generated by org.testng.reporters.JUnitReportReporter -->
<testsuite hostname="Deepthis-MacBook-Air.local" failures="0" tests="3" name="com.test.OrangeHRMTest" time="20.799" errors="0" timestamp="2024-10-10T14:45:11 IST" skipped="0">
  <testcase classname="com.test.OrangeHRMTest" name="login" time="16.306"/>
  <system-out/>
  <testcase classname="com.test.OrangeHRMTest" name="testAdmin" time="2.448"/>
  <system-out/>
  <testcase classname="com.test.OrangeHRMTest" name="logout" time="2.045"/>
  <system-out/>
</testsuite> <!-- com.test.OrangeHRMTest -->
