<?xml version="1.0" encoding="UTF-8"?>
<!-- Generated by org.testng.reporters.JUnitReportReporter -->
<testsuite hostname="Deepthis-MacBook-Air.local" failures="0" tests="3" name="com.test.OrangeHRMTest" time="9.301" errors="0" timestamp="2024-10-09T22:58:35 IST" skipped="0">
  <testcase classname="com.test.OrangeHRMTest" name="login" time="6.397"/>
  <testcase classname="com.test.OrangeHRMTest" name="testAdmin" time="2.093"/>
  <testcase classname="com.test.OrangeHRMTest" name="logout" time="0.811"/>
</testsuite> <!-- com.test.OrangeHRMTest -->
